13:43:07: Creating resource group General
13:43:07: Creating resource group OgreInternal
13:43:07: Creating resource group OgreAutodetect
13:43:07: SceneManagerFactory for type 'DefaultSceneManager' registered.
13:43:07: Registering ResourceManager for type Material
13:43:07: Registering ResourceManager for type Mesh
13:43:07: Registering ResourceManager for type Skeleton
13:43:07: MovableObjectFactory for type 'ParticleSystem' registered.
13:43:07: ArchiveFactory for type 'FileSystem' registered
13:43:07: ArchiveFactory for type 'Zip' registered
13:43:07: ArchiveFactory for type 'EmbeddedZip' registered
13:43:07: DDS codec registering
13:43:07: ETC codec registering
13:43:07: ASTC codec registering
13:43:07: Registering ResourceManager for type GpuProgram
13:43:07: Registering ResourceManager for type Compositor
13:43:07: MovableObjectFactory for type 'Entity' registered.
13:43:07: MovableObjectFactory for type 'Light' registered.
13:43:07: MovableObjectFactory for type 'BillboardSet' registered.
13:43:07: MovableObjectFactory for type 'ManualObject' registered.
13:43:07: MovableObjectFactory for type 'BillboardChain' registered.
13:43:07: MovableObjectFactory for type 'RibbonTrail' registered.
13:43:07: MovableObjectFactory for type 'StaticGeometry' registered.
13:43:07: MovableObjectFactory for type 'Rectangle2D' registered.
13:43:07: Error: Cannot open file: plugins.cfg - skipping automatic plugin loading
13:43:07: *-*-* OGRE Initialising
13:43:07: *-*-* Version 14.1.2 (Tsathoggua)
13:43:07: OverlayElementFactory for type Panel registered.
13:43:07: OverlayElementFactory for type BorderPanel registered.
13:43:07: OverlayElementFactory for type TextArea registered.
13:43:07: Registering ResourceManager for type Font
13:43:07: Unregistering ResourceManager for type Font
13:43:07: *-*-* OGRE Shutdown
13:43:07: Unregistering ResourceManager for type Compositor
13:43:07: Unregistering ResourceManager for type Material
13:43:07: Unregistering ResourceManager for type GpuProgram
13:43:07: Unregistering ResourceManager for type Skeleton
13:43:07: Unregistering ResourceManager for type Mesh
